<?xml version="1.0" encoding="UTF-8"?>
<!-- Generated by org.testng.reporters.JUnitReportReporter -->
<testsuite hostname="DESKTOP-ON6UF7E" failures="0" tests="4" name="com.auto.TestNG3" time="0.028" errors="0" timestamp="2025-07-04T22:55:33 IST" skipped="0">
  <testcase classname="com.auto.TestNG3" name="a3" time="0.011"/>
  <testcase classname="com.auto.TestNG3" name="a1" time="0.004"/>
  <testcase classname="com.auto.TestNG3" name="b" time="0.005"/>
  <testcase classname="com.auto.TestNG3" name="z" time="0.008"/>
</testsuite> <!-- com.auto.TestNG3 -->
