<?xml version="1.0" encoding="UTF-8"?>
<!-- Generated by org.testng.reporters.JUnitReportReporter -->
<testsuite hostname="DESKTOP-ON6UF7E" failures="0" tests="2" name="com.auto.SeleniumGrid1" time="16.029" errors="0" timestamp="2025-07-05T22:16:46 IST" skipped="0">
  <testcase classname="com.auto.SeleniumGrid1" name="login" time="8.045"/>
  <testcase classname="com.auto.SeleniumGrid1" name="login" time="7.984"/>
</testsuite> <!-- com.auto.SeleniumGrid1 -->
