<?xml version="1.0" encoding="UTF-8"?>
<!-- Generated by org.testng.reporters.JUnitReportReporter -->
<testsuite hostname="DESKTOP-ON6UF7E" failures="0" tests="2" name="com.auto.TestNG1" time="0.027" errors="0" timestamp="2025-07-04T22:55:33 IST" skipped="0">
  <testcase classname="com.auto.TestNG1" name="a1" time="0.015"/>
  <testcase classname="com.auto.TestNG1" name="a2" time="0.012"/>
</testsuite> <!-- com.auto.TestNG1 -->
