<?xml version="1.0" encoding="UTF-8"?>
<!-- Generated by org.testng.reporters.JUnitReportReporter -->
<testsuite hostname="DESKTOP-ON6UF7E" failures="0" tests="1" name="com.auto.TestNG2" time="0.018" errors="0" timestamp="2025-07-04T22:55:33 IST" skipped="0">
  <testcase classname="com.auto.TestNG2" name="assertionChek" time="0.018"/>
</testsuite> <!-- com.auto.TestNG2 -->
